This is pdfTeX, Version 3.1415926-1.40.8-beta-20080627 (MiKTeX 2.7) (preloaded format=pdflatex 2008.12.11)  5 JAN 2009 12:22
entering extended mode
**C:/svn4/doc/iCua.tex
(C:/svn4/doc/iCua.tex
LaTeX2e <2005/12/01>
Babel <v3.8j> and hyphenation patterns for english, dumylang, nohyphenation, ge
rman, ngerman, german-x-2008-06-18, ngerman-x-2008-06-18, spanish, catalan, fre
nch, loaded.
("C:\Archivos de programa\MiKTeX 2.7\tex\latex\base\book.cls"
Document Class: book 2005/09/16 v1.4f Standard LaTeX document class
("C:\Archivos de programa\MiKTeX 2.7\tex\latex\base\bk12.clo"
File: bk12.clo 2005/09/16 v1.4f Standard LaTeX file (size option)
)
\c@part=\count79
\c@chapter=\count80
\c@section=\count81
\c@subsection=\count82
\c@subsubsection=\count83
\c@paragraph=\count84
\c@subparagraph=\count85
\c@figure=\count86
\c@table=\count87
\abovecaptionskip=\skip41
\belowcaptionskip=\skip42
\bibindent=\dimen102
)
("C:\Archivos de programa\MiKTeX 2.7\tex\latex\base\inputenc.sty"
Package: inputenc 2006/05/05 v1.1b Input encoding file
\inpenc@prehook=\toks14
\inpenc@posthook=\toks15

("C:\Archivos de programa\MiKTeX 2.7\tex\latex\base\latin1.def"
File: latin1.def 2006/05/05 v1.1b Input encoding file
))
("C:\Archivos de programa\MiKTeX 2.7\tex\generic\babel\babel.sty"
Package: babel 2008/03/16 v3.8j The Babel package

*************************************
* Local config file bblopts.cfg used
*
("C:\Archivos de programa\MiKTeX 2.7\tex\latex\00miktex\bblopts.cfg"
File: bblopts.cfg 2006/07/31 v1.0 MiKTeX 'babel' configuration
)
("C:\Archivos de programa\MiKTeX 2.7\tex\generic\babel\catalan.ldf"
Language: catalan 2005/03/29 v2.2p Catalan support from the babel system

("C:\Archivos de programa\MiKTeX 2.7\tex\generic\babel\babel.def"
File: babel.def 2008/03/16 v3.8j Babel common definitions
\babel@savecnt=\count88
\U@D=\dimen103
)
Package babel Info: Making " an active character on input line 91.
Warning: You are using encoding OT1 instead of T1.
Some word breaks will not be found.
\leftllkern=\dimen104
\rightllkern=\dimen105
\raiselldim=\dimen106
))
\@indexfile=\write3

Writing index file iCua.idx
(iCua.aux)
LaTeX Font Info:    Checking defaults for OML/cmm/m/it on input line 7.
LaTeX Font Info:    ... okay on input line 7.
LaTeX Font Info:    Checking defaults for T1/cmr/m/n on input line 7.
LaTeX Font Info:    ... okay on input line 7.
LaTeX Font Info:    Checking defaults for OT1/cmr/m/n on input line 7.
LaTeX Font Info:    ... okay on input line 7.
LaTeX Font Info:    Checking defaults for OMS/cmsy/m/n on input line 7.
LaTeX Font Info:    ... okay on input line 7.
LaTeX Font Info:    Checking defaults for OMX/cmex/m/n on input line 7.
LaTeX Font Info:    ... okay on input line 7.
LaTeX Font Info:    Checking defaults for U/cmr/m/n on input line 7.
LaTeX Font Info:    ... okay on input line 7.
LaTeX Info: Redefining \l on input line 7.
LaTeX Info: Redefining \L on input line 7.
LaTeX Font Info:    External font `cmex10' loaded for size
(Font)              <14.4> on input line 9.
LaTeX Font Info:    External font `cmex10' loaded for size
(Font)              <7> on input line 9.
 [1


{C:/Documents and Settings/All Users/Datos de programa/MiKTeX/2.7/pdftex/config
/pdftex.map}] [2

] (iCua.toc
LaTeX Font Info:    External font `cmex10' loaded for size
(Font)              <12> on input line 3.
LaTeX Font Info:    External font `cmex10' loaded for size
(Font)              <8> on input line 3.
LaTeX Font Info:    External font `cmex10' loaded for size
(Font)              <6> on input line 3.
 [3])
\tf@toc=\write4
 (chapter1/chapter1.tex [4]
Cap\'{\i }tol 1.
(chapter1/Motivacions.tex) (chapter1/Objectius.tex) (chapter1/Tasques.tex)
(chapter1/Estructura.tex)) (chapter2/chapter2.tex [5

] [6

]
Cap\'{\i }tol 2.
(chapter2/analisiPlataforma.tex (chapter2/introPlataforma.tex [7]
LaTeX Font Info:    Try loading font information for OMS+cmr on input line 10.

("C:\Archivos de programa\MiKTeX 2.7\tex\latex\base\omscmr.fd"
File: omscmr.fd 1999/05/25 v2.5h Standard LaTeX font definitions
)
LaTeX Font Info:    Font shape `OMS/cmr/m/n' in size <12> not available
(Font)              Font shape `OMS/cmsy/m/n' tried instead on input line 10.
)
(chapter2/llicencia.tex) (chapter2/versions.tex) (chapter2/funcionalitats.tex
[8] [9]) (chapter2/puntsEstudi.tex [10])) (chapter2/analisiAplicacio.tex
(chapter2/desAplicacio.tex

LaTeX Warning: Citation `wiki:mashup' on page 11 undefined on input line 3.

) (chapter2/requisits.tex
Underfull \hbox (badness 10000) in paragraph at lines 2--1

 []


Underfull \hbox (badness 10000) in paragraph at lines 2--1

 []


Underfull \hbox (badness 10000) in paragraph at lines 2--1

 []


Underfull \hbox (badness 10000) in paragraph at lines 2--1

 []


Underfull \hbox (badness 10000) in paragraph at lines 2--1

 []


Underfull \hbox (badness 10000) in paragraph at lines 2--1

 []

[11] [12] [13])) (chapter2/eines.tex (chapter2/latex.tex [14])
(chapter2/argo.tex) (chapter2/eclipse.tex) (chapter2/java.tex)
(chapter2/comunitat.tex) (chapter2/apis.tex))) (chapter3/chapter3.tex [15]
[16

]
Cap\'{\i }tol 3.
(chapter3/dissenyplataforma.tex) (chapter3/dissenyaplicacio.tex [17]
(chapter3/casosus.tex [18]))) (chapter4/chapter4.tex [19] [20

]
Cap\'{\i }tol 4.
[21]) [22] (iCua.aux)

LaTeX Warning: There were undefined references.

 ) 
Here is how much of TeX's memory you used:
 791 strings out of 95256
 9412 string characters out of 1182181
 64507 words of memory out of 1500000
 3969 multiletter control sequences out of 110000
 10383 words of font info for 36 fonts, out of 1200000 for 2000
 40 hyphenation exceptions out of 8191
 24i,6n,24p,987b,211s stack positions out of 5000i,500n,10000p,200000b,5000s
<C:/Archivos de programa/MiKTeX 2.7/fonts/type1/bluesky/cm/cmbx10.pfb><C:/Arc
hivos de programa/MiKTeX 2.7/fonts/type1/bluesky/cm/cmbx12.pfb><C:/Archivos de 
programa/MiKTeX 2.7/fonts/type1/bluesky/cm/cmbx8.pfb><C:/Archivos de programa/M
iKTeX 2.7/fonts/type1/bluesky/cm/cmr12.pfb><C:/Archivos de programa/MiKTeX 2.7/
fonts/type1/bluesky/cm/cmr17.pfb><C:/Archivos de programa/MiKTeX 2.7/fonts/type
1/bluesky/cm/cmr8.pfb><C:/Archivos de programa/MiKTeX 2.7/fonts/type1/bluesky/c
m/cmsl12.pfb><C:/Archivos de programa/MiKTeX 2.7/fonts/type1/bluesky/cm/cmsy10.
pfb>
Output written on iCua.pdf (22 pages, 82685 bytes).
PDF statistics:
 105 PDF objects out of 1000 (max. 8388607)
 0 named destinations out of 1000 (max. 131072)
 1 words of extra memory for PDF output out of 10000 (max. 10000000)

